<?xml version="1.0" encoding="UTF-8"?>
<!-- Generated by org.testng.reporters.JUnitXMLReporter -->
<testsuite ignored="0" hostname="Nikhil" failures="0" tests="5" name="ChromeTest" time="7.329" errors="0" timestamp="2026-04-05T16:04:12 IST">
  <testcase classname="testCases.Userlogin" name="Profilesection" time="1.987"/>
  <testcase classname="testCases.Userlogin" name="EntPhonenumber" time="0.236"/>
  <testcase classname="testCases.Userlogin" name="clickCheckbox" time="0.105"/>
  <testcase classname="testCases.Userlogin" name="clickcontinuebtn" time="0.12"/>
  <testcase classname="testCases.Userlogin" name="verifyOtpPage" time="0.429"/>
</testsuite> <!-- ChromeTest -->
