<?xml version="1.0" encoding="UTF-8"?>
<!-- Generated by org.testng.reporters.JUnitXMLReporter -->
<testsuite ignored="0" hostname="Nikhil" failures="0" tests="5" name="EdgeTest" time="6.478" errors="0" timestamp="2026-04-05T16:04:19 IST">
  <testcase classname="testCases.Userlogin" name="Profilesection" time="1.911"/>
  <testcase classname="testCases.Userlogin" name="EntPhonenumber" time="0.402"/>
  <testcase classname="testCases.Userlogin" name="clickCheckbox" time="0.134"/>
  <testcase classname="testCases.Userlogin" name="clickcontinuebtn" time="0.15"/>
  <testcase classname="testCases.Userlogin" name="verifyOtpPage" time="0.452"/>
</testsuite> <!-- EdgeTest -->
