<?xml version="1.0" encoding="UTF-8"?>
<!-- Generated by org.testng.reporters.JUnitXMLReporter -->
<testsuite ignored="0" hostname="Nikhil" failures="2" tests="4" name="Test" time="50.362" errors="0" timestamp="2026-05-17T16:17:12 IST">
  <testcase classname="testCases.Checkoverview" name="verifyClothes" time="32.659">
    <failure type="org.openqa.selenium.TimeoutException" message="Expected condition failed: waiting for visibility of Proxy element for: DefaultElementLocator &amp;apos;By.xpath: //h4[@class=&amp;apos;text-banner-title&amp;apos;]&amp;apos;
(tried for 15 seconds with 500 milliseconds interval)">
      <![CDATA[org.openqa.selenium.TimeoutException: Expected condition failed: waiting for visibility of Proxy element for: DefaultElementLocator 'By.xpath: //h4[@class='text-banner-title']'
(tried for 15 seconds with 500 milliseconds interval)
at org.openqa.selenium.support.ui.WebDriverWait.timeoutException(WebDriverWait.java:85)
at org.openqa.selenium.support.ui.FluentWait.until(FluentWait.java:233)
at pageObjects.HomePage.getBannerText(HomePage.java:62)
at testCases.Checkoverview.verifyClothes(Checkoverview.java:40)
at java.base/java.util.ArrayList.forEach(ArrayList.java:1596)
Caused by: org.openqa.selenium.NoSuchElementException: Failed to find element using By.xpath: //h4[@class='text-banner-title']
For documentation on this error, please visit: https://www.selenium.dev/documentation/webdriver/troubleshooting/errors#nosuchelementexception
Build info: version: '4.41.0', revision: '9fc754f'
System info: os.name: 'Windows 11', os.arch: 'amd64', os.version: '10.0', java.version: '21.0.8'
Driver info: driver.version: unknown
at com.epam.healenium.handlers.proxy.BaseHandler.findElement(BaseHandler.java:72)
at com.epam.healenium.handlers.proxy.SelfHealingProxyInvocationHandler.invoke(SelfHealingProxyInvocationHandler.java:39)
at jdk.proxy2/jdk.proxy2.$Proxy29.findElement(Unknown Source)
at org.openqa.selenium.support.pagefactory.DefaultElementLocator.findElement(DefaultElementLocator.java:68)
at org.openqa.selenium.support.pagefactory.internal.LocatingElementHandler.invoke(LocatingElementHandler.java:38)
at jdk.proxy2/jdk.proxy2.$Proxy32.isDisplayed(Unknown Source)
at org.openqa.selenium.support.ui.ExpectedConditions.elementIfVisible(ExpectedConditions.java:365)
at org.openqa.selenium.support.ui.ExpectedConditions$10.apply(ExpectedConditions.java:351)
at org.openqa.selenium.support.ui.ExpectedConditions$10.apply(ExpectedConditions.java:348)
at org.openqa.selenium.support.ui.FluentWait.until(FluentWait.java:209)
... 28 more
Caused by: java.lang.NullPointerException: Cannot invoke "java.util.function.BiFunction.apply(Object, Object)" because the return value of "com.epam.healenium.model.SessionContext.getFunctionUrl()" is null
at com.epam.healenium.processor.GetReferenceElementsProcessor.populateUrlKey(GetReferenceElementsProcessor.java:70)
at com.epam.healenium.processor.GetReferenceElementsProcessor.execute(GetReferenceElementsProcessor.java:52)
at com.epam.healenium.processor.BaseProcessor.process(BaseProcessor.java:42)
at com.epam.healenium.processor.BaseProcessor.process(BaseProcessor.java:50)
at com.epam.healenium.handlers.proxy.BaseHandler.findElement(BaseHandler.java:60)
... 37 more
... Removed 25 stack frames]]>
    </failure>
  </testcase> <!-- verifyClothes -->
  <testcase classname="testCases.Checkoverview" name="Menswear" time="3.067"/>
  <testcase classname="testCases.Checkoverview" name="womenswear" time="3.022"/>
  <testcase classname="testCases.Checkoverview" name="searchfunction" time="3.111">
    <failure type="java.lang.AssertionError" message="expected [https://www.jjjmyntra.com/nikhil-kurta?rawQuery=Nikhil%20kurta] but found [https://www.myntra.com/nikhil-kurta?rawQuery=Nikhil%20kurta]">
      <![CDATA[java.lang.AssertionError: expected [https://www.jjjmyntra.com/nikhil-kurta?rawQuery=Nikhil%20kurta] but found [https://www.myntra.com/nikhil-kurta?rawQuery=Nikhil%20kurta]
at testCases.Checkoverview.searchfunction(Checkoverview.java:66)
at java.base/java.util.ArrayList.forEach(ArrayList.java:1596)
... Removed 31 stack frames]]>
    </failure>
  </testcase> <!-- searchfunction -->
</testsuite> <!-- Test -->
