<?xml version="1.0" encoding="UTF-8"?>
<!-- Generated by org.testng.reporters.JUnitXMLReporter -->
<testsuite ignored="0" hostname="Nikhil" failures="1" tests="4" name="Test" time="17.281" errors="0" timestamp="2026-04-26T23:48:43 IST">
  <testcase classname="testCases.Checkoverview" name="verifyClothes" time="1.726"/>
  <testcase classname="testCases.Checkoverview" name="Menswear" time="3.11"/>
  <testcase classname="testCases.Checkoverview" name="womenswear" time="2.774"/>
  <testcase classname="testCases.Checkoverview" name="searchfunction" time="2.394">
    <failure type="java.lang.AssertionError" message="expected [https://www.jjjmyntra.com/nikhil-kurta?rawQuery=Nikhil%20kurta] but found [https://www.myntra.com/nikhil-kurta?rawQuery=Nikhil%20kurta]">
      <![CDATA[java.lang.AssertionError: expected [https://www.jjjmyntra.com/nikhil-kurta?rawQuery=Nikhil%20kurta] but found [https://www.myntra.com/nikhil-kurta?rawQuery=Nikhil%20kurta]
at testCases.Checkoverview.searchfunction(Checkoverview.java:66)
at java.base/java.util.ArrayList.forEach(ArrayList.java:1596)
... Removed 35 stack frames]]>
    </failure>
  </testcase> <!-- searchfunction -->
</testsuite> <!-- Test -->
