<?xml version="1.0" encoding="UTF-8"?>
<testng-results ignored="0" total="4" passed="3" failed="1" skipped="0">
  <reporter-output>
  </reporter-output>
  <suite started-at="2026-04-26T23:48:26 IST" name="Suite" finished-at="2026-04-26T23:48:43 IST" duration-ms="17281">
    <groups>
    </groups>
    <test started-at="2026-04-26T23:48:26 IST" name="Test" finished-at="2026-04-26T23:48:43 IST" duration-ms="17281">
      <class name="testCases.Checkoverview">
        <test-method is-config="true" signature="setup(java.lang.String,java.lang.String)[pri:0, instance:testCases.Checkoverview@401f7633]" started-at="2026-04-26T23:48:26 IST" name="setup" finished-at="2026-04-26T23:48:32 IST" duration-ms="5807" status="PASS">
          <params>
            <param index="0">
              <value>
                <![CDATA[Windows]]>
              </value>
            </param>
            <param index="1">
              <value>
                <![CDATA[edge]]>
              </value>
            </param>
          </params>
          <reporter-output>
          </reporter-output>
        </test-method> <!-- setup -->
        <test-method is-config="true" signature="pageSetup()[pri:0, instance:testCases.Checkoverview@401f7633]" started-at="2026-04-26T23:48:32 IST" name="pageSetup" finished-at="2026-04-26T23:48:32 IST" duration-ms="50" status="PASS">
          <reporter-output>
          </reporter-output>
        </test-method> <!-- pageSetup -->
        <test-method signature="verifyClothes()[pri:1, instance:testCases.Checkoverview@401f7633]" started-at="2026-04-26T23:48:32 IST" name="verifyClothes" finished-at="2026-04-26T23:48:34 IST" duration-ms="1726" status="PASS">
          <reporter-output>
          </reporter-output>
        </test-method> <!-- verifyClothes -->
        <test-method signature="Menswear()[pri:2, instance:testCases.Checkoverview@401f7633]" started-at="2026-04-26T23:48:34 IST" name="Menswear" finished-at="2026-04-26T23:48:37 IST" duration-ms="3110" status="PASS">
          <reporter-output>
          </reporter-output>
        </test-method> <!-- Menswear -->
        <test-method signature="womenswear()[pri:3, instance:testCases.Checkoverview@401f7633]" started-at="2026-04-26T23:48:37 IST" name="womenswear" finished-at="2026-04-26T23:48:40 IST" duration-ms="2774" status="PASS">
          <reporter-output>
          </reporter-output>
        </test-method> <!-- womenswear -->
        <test-method signature="searchfunction()[pri:4, instance:testCases.Checkoverview@401f7633]" started-at="2026-04-26T23:48:40 IST" name="searchfunction" finished-at="2026-04-26T23:48:42 IST" duration-ms="2394" status="FAIL">
          <exception class="java.lang.AssertionError">
            <message>
              <![CDATA[expected [https://www.jjjmyntra.com/nikhil-kurta?rawQuery=Nikhil%20kurta] but found [https://www.myntra.com/nikhil-kurta?rawQuery=Nikhil%20kurta]]]>
            </message>
            <full-stacktrace>
              <![CDATA[java.lang.AssertionError: expected [https://www.jjjmyntra.com/nikhil-kurta?rawQuery=Nikhil%20kurta] but found [https://www.myntra.com/nikhil-kurta?rawQuery=Nikhil%20kurta]
at org.testng.Assert.fail(Assert.java:111)
at org.testng.Assert.failNotEquals(Assert.java:1578)
at org.testng.Assert.assertEqualsImpl(Assert.java:150)
at org.testng.Assert.assertEquals(Assert.java:132)
at org.testng.Assert.assertEquals(Assert.java:656)
at org.testng.Assert.assertEquals(Assert.java:666)
at testCases.Checkoverview.searchfunction(Checkoverview.java:66)
at java.base/jdk.internal.reflect.DirectMethodHandleAccessor.invoke(DirectMethodHandleAccessor.java:103)
at java.base/java.lang.reflect.Method.invoke(Method.java:580)
at org.testng.internal.invokers.MethodInvocationHelper.invokeMethod(MethodInvocationHelper.java:139)
at org.testng.internal.invokers.TestInvoker.invokeMethod(TestInvoker.java:664)
at org.testng.internal.invokers.TestInvoker.invokeTestMethod(TestInvoker.java:228)
at org.testng.internal.invokers.MethodRunner.runInSequence(MethodRunner.java:63)
at org.testng.internal.invokers.TestInvoker$MethodInvocationAgent.invoke(TestInvoker.java:961)
at org.testng.internal.invokers.TestInvoker.invokeTestMethods(TestInvoker.java:201)
at org.testng.internal.invokers.TestMethodWorker.invokeTestMethods(TestMethodWorker.java:148)
at org.testng.internal.invokers.TestMethodWorker.run(TestMethodWorker.java:128)
at java.base/java.util.ArrayList.forEach(ArrayList.java:1596)
at org.testng.TestRunner.privateRun(TestRunner.java:819)
at org.testng.TestRunner.run(TestRunner.java:619)
at org.testng.SuiteRunner.runTest(SuiteRunner.java:443)
at org.testng.SuiteRunner.runSequentially(SuiteRunner.java:437)
at org.testng.SuiteRunner.privateRun(SuiteRunner.java:397)
at org.testng.SuiteRunner.run(SuiteRunner.java:336)
at org.testng.SuiteRunnerWorker.runSuite(SuiteRunnerWorker.java:52)
at org.testng.SuiteRunnerWorker.run(SuiteRunnerWorker.java:95)
at org.testng.TestNG.runSuitesSequentially(TestNG.java:1301)
at org.testng.TestNG.runSuitesLocally(TestNG.java:1228)
at org.testng.TestNG.runSuites(TestNG.java:1134)
at org.testng.TestNG.run(TestNG.java:1101)
at org.apache.maven.surefire.testng.TestNGExecutor.run(TestNGExecutor.java:308)
at org.apache.maven.surefire.testng.TestNGXmlTestSuite.execute(TestNGXmlTestSuite.java:71)
at org.apache.maven.surefire.testng.TestNGProvider.invoke(TestNGProvider.java:113)
at org.apache.maven.surefire.booter.ForkedBooter.runSuitesInProcess(ForkedBooter.java:385)
at org.apache.maven.surefire.booter.ForkedBooter.execute(ForkedBooter.java:162)
at org.apache.maven.surefire.booter.ForkedBooter.run(ForkedBooter.java:507)
at org.apache.maven.surefire.booter.ForkedBooter.main(ForkedBooter.java:495)
]]>
            </full-stacktrace>
          </exception> <!-- java.lang.AssertionError -->
          <reporter-output>
          </reporter-output>
        </test-method> <!-- searchfunction -->
        <test-method is-config="true" signature="quiting()[pri:0, instance:testCases.Checkoverview@401f7633]" started-at="2026-04-26T23:48:42 IST" name="quiting" finished-at="2026-04-26T23:48:43 IST" duration-ms="483" status="PASS">
          <reporter-output>
          </reporter-output>
        </test-method> <!-- quiting -->
      </class> <!-- testCases.Checkoverview -->
    </test> <!-- Test -->
  </suite> <!-- Suite -->
</testng-results>
