<?xml version="1.0" encoding="UTF-8"?>
<!-- Generated by org.testng.reporters.JUnitReportReporter -->
<testsuite hostname="Nikhil" failures="0" tests="4" name="testCases.TC_001AccountRegistration" time="15.562" errors="0" timestamp="2026-03-31T13:31:12 IST" skipped="0">
  <testcase classname="testCases.TC_001AccountRegistration" name="verifyClothes" time="1.392"/>
  <testcase classname="testCases.TC_001AccountRegistration" name="Menswear" time="10.040"/>
  <testcase classname="testCases.TC_001AccountRegistration" name="womenswear" time="2.313"/>
  <testcase classname="testCases.TC_001AccountRegistration" name="searchfunction" time="1.817"/>
</testsuite> <!-- testCases.TC_001AccountRegistration -->
