<?xml version="1.0" encoding="UTF-8"?>
<!-- Generated by org.testng.reporters.JUnitReportReporter -->
<testsuite hostname="Nikhil" failures="1" tests="4" name="testCases.Checkoverview" time="41.859" errors="1" timestamp="2026-05-17T16:17:12 IST" skipped="0">
  <testcase classname="testCases.Checkoverview" name="verifyClothes" time="32.659">
    <error message="Expected condition failed: waiting for visibility of Proxy element for: DefaultElementLocator &#039;By.xpath: //h4[@class=&#039;text-banner-title&#039;]&#039;
(tried for 15 seconds with 500 milliseconds interval)" type="org.openqa.selenium.TimeoutException">
      <![CDATA[org.openqa.selenium.TimeoutException: Expected condition failed: waiting for visibility of Proxy element for: DefaultElementLocator 'By.xpath: //h4[@class='text-banner-title']'
(tried for 15 seconds with 500 milliseconds interval)
at org.openqa.selenium.support.ui.WebDriverWait.timeoutException(WebDriverWait.java:85)
at org.openqa.selenium.support.ui.FluentWait.until(FluentWait.java:233)
at pageObjects.HomePage.getBannerText(HomePage.java:62)
at testCases.Checkoverview.verifyClothes(Checkoverview.java:40)
at java.base/jdk.internal.reflect.DirectMethodHandleAccessor.invoke(DirectMethodHandleAccessor.java:103)
at java.base/java.lang.reflect.Method.invoke(Method.java:580)
at org.testng.internal.invokers.MethodInvocationHelper.invokeMethod(MethodInvocationHelper.java:139)
at org.testng.internal.invokers.TestInvoker.invokeMethod(TestInvoker.java:664)
at org.testng.internal.invokers.TestInvoker.invokeTestMethod(TestInvoker.java:228)
at org.testng.internal.invokers.MethodRunner.runInSequence(MethodRunner.java:63)
at org.testng.internal.invokers.TestInvoker$MethodInvocationAgent.invoke(TestInvoker.java:961)
at org.testng.internal.invokers.TestInvoker.invokeTestMethods(TestInvoker.java:201)
at org.testng.internal.invokers.TestMethodWorker.invokeTestMethods(TestMethodWorker.java:148)
at org.testng.internal.invokers.TestMethodWorker.run(TestMethodWorker.java:128)
at java.base/java.util.ArrayList.forEach(ArrayList.java:1596)
at org.testng.TestRunner.privateRun(TestRunner.java:819)
at org.testng.TestRunner.run(TestRunner.java:619)
at org.testng.SuiteRunner.runTest(SuiteRunner.java:443)
at org.testng.SuiteRunner.runSequentially(SuiteRunner.java:437)
at org.testng.SuiteRunner.privateRun(SuiteRunner.java:397)
at org.testng.SuiteRunner.run(SuiteRunner.java:336)
at org.testng.SuiteRunnerWorker.runSuite(SuiteRunnerWorker.java:52)
at org.testng.SuiteRunnerWorker.run(SuiteRunnerWorker.java:95)
at org.testng.TestNG.runSuitesSequentially(TestNG.java:1301)
at org.testng.TestNG.runSuitesLocally(TestNG.java:1228)
at org.testng.TestNG.runSuites(TestNG.java:1134)
at org.testng.TestNG.run(TestNG.java:1101)
at org.testng.remote.AbstractRemoteTestNG.run(AbstractRemoteTestNG.java:115)
at org.testng.remote.RemoteTestNG.initAndRun(RemoteTestNG.java:293)
at org.testng.remote.RemoteTestNG.main(RemoteTestNG.java:91)
Caused by: org.openqa.selenium.NoSuchElementException: Failed to find element using By.xpath: //h4[@class='text-banner-title']
For documentation on this error, please visit: https://www.selenium.dev/documentation/webdriver/troubleshooting/errors#nosuchelementexception
Build info: version: '4.41.0', revision: '9fc754f'
System info: os.name: 'Windows 11', os.arch: 'amd64', os.version: '10.0', java.version: '21.0.8'
Driver info: driver.version: unknown
at com.epam.healenium.handlers.proxy.BaseHandler.findElement(BaseHandler.java:72)
at com.epam.healenium.handlers.proxy.SelfHealingProxyInvocationHandler.invoke(SelfHealingProxyInvocationHandler.java:39)
at jdk.proxy2/jdk.proxy2.$Proxy29.findElement(Unknown Source)
at org.openqa.selenium.support.pagefactory.DefaultElementLocator.findElement(DefaultElementLocator.java:68)
at org.openqa.selenium.support.pagefactory.internal.LocatingElementHandler.invoke(LocatingElementHandler.java:38)
at jdk.proxy2/jdk.proxy2.$Proxy32.isDisplayed(Unknown Source)
at org.openqa.selenium.support.ui.ExpectedConditions.elementIfVisible(ExpectedConditions.java:365)
at org.openqa.selenium.support.ui.ExpectedConditions$10.apply(ExpectedConditions.java:351)
at org.openqa.selenium.support.ui.ExpectedConditions$10.apply(ExpectedConditions.java:348)
at org.openqa.selenium.support.ui.FluentWait.until(FluentWait.java:209)
... 28 more
Caused by: java.lang.NullPointerException: Cannot invoke "java.util.function.BiFunction.apply(Object, Object)" because the return value of "com.epam.healenium.model.SessionContext.getFunctionUrl()" is null
at com.epam.healenium.processor.GetReferenceElementsProcessor.populateUrlKey(GetReferenceElementsProcessor.java:70)
at com.epam.healenium.processor.GetReferenceElementsProcessor.execute(GetReferenceElementsProcessor.java:52)
at com.epam.healenium.processor.BaseProcessor.process(BaseProcessor.java:42)
at com.epam.healenium.processor.BaseProcessor.process(BaseProcessor.java:50)
at com.epam.healenium.handlers.proxy.BaseHandler.findElement(BaseHandler.java:60)
... 37 more
]]>
    </error>
  </testcase> <!-- verifyClothes -->
  <testcase classname="testCases.Checkoverview" name="Menswear" time="3.067"/>
  <testcase classname="testCases.Checkoverview" name="womenswear" time="3.022"/>
  <testcase classname="testCases.Checkoverview" name="searchfunction" time="3.111">
    <failure message="expected [https://www.jjjmyntra.com/nikhil-kurta?rawQuery=Nikhil%20kurta] but found [https://www.myntra.com/nikhil-kurta?rawQuery=Nikhil%20kurta]" type="java.lang.AssertionError">
      <![CDATA[java.lang.AssertionError: expected [https://www.jjjmyntra.com/nikhil-kurta?rawQuery=Nikhil%20kurta] but found [https://www.myntra.com/nikhil-kurta?rawQuery=Nikhil%20kurta]
at org.testng.Assert.fail(Assert.java:111)
at org.testng.Assert.failNotEquals(Assert.java:1578)
at org.testng.Assert.assertEqualsImpl(Assert.java:150)
at org.testng.Assert.assertEquals(Assert.java:132)
at org.testng.Assert.assertEquals(Assert.java:656)
at org.testng.Assert.assertEquals(Assert.java:666)
at testCases.Checkoverview.searchfunction(Checkoverview.java:66)
at java.base/jdk.internal.reflect.DirectMethodHandleAccessor.invoke(DirectMethodHandleAccessor.java:103)
at java.base/java.lang.reflect.Method.invoke(Method.java:580)
at org.testng.internal.invokers.MethodInvocationHelper.invokeMethod(MethodInvocationHelper.java:139)
at org.testng.internal.invokers.TestInvoker.invokeMethod(TestInvoker.java:664)
at org.testng.internal.invokers.TestInvoker.invokeTestMethod(TestInvoker.java:228)
at org.testng.internal.invokers.MethodRunner.runInSequence(MethodRunner.java:63)
at org.testng.internal.invokers.TestInvoker$MethodInvocationAgent.invoke(TestInvoker.java:961)
at org.testng.internal.invokers.TestInvoker.invokeTestMethods(TestInvoker.java:201)
at org.testng.internal.invokers.TestMethodWorker.invokeTestMethods(TestMethodWorker.java:148)
at org.testng.internal.invokers.TestMethodWorker.run(TestMethodWorker.java:128)
at java.base/java.util.ArrayList.forEach(ArrayList.java:1596)
at org.testng.TestRunner.privateRun(TestRunner.java:819)
at org.testng.TestRunner.run(TestRunner.java:619)
at org.testng.SuiteRunner.runTest(SuiteRunner.java:443)
at org.testng.SuiteRunner.runSequentially(SuiteRunner.java:437)
at org.testng.SuiteRunner.privateRun(SuiteRunner.java:397)
at org.testng.SuiteRunner.run(SuiteRunner.java:336)
at org.testng.SuiteRunnerWorker.runSuite(SuiteRunnerWorker.java:52)
at org.testng.SuiteRunnerWorker.run(SuiteRunnerWorker.java:95)
at org.testng.TestNG.runSuitesSequentially(TestNG.java:1301)
at org.testng.TestNG.runSuitesLocally(TestNG.java:1228)
at org.testng.TestNG.runSuites(TestNG.java:1134)
at org.testng.TestNG.run(TestNG.java:1101)
at org.testng.remote.AbstractRemoteTestNG.run(AbstractRemoteTestNG.java:115)
at org.testng.remote.RemoteTestNG.initAndRun(RemoteTestNG.java:293)
at org.testng.remote.RemoteTestNG.main(RemoteTestNG.java:91)
]]>
    </failure>
  </testcase> <!-- searchfunction -->
</testsuite> <!-- testCases.Checkoverview -->
